<?xml version="1.0" encoding="UTF-8"?>
<!-- Generated by org.testng.reporters.JUnitXMLReporter -->
<testsuite hostname="BDC6-DX-6CWFNK2" ignored="0" name="Default test" tests="3" failures="0" timestamp="13 Jun 2019 05:35:34 GMT" time="0.064" errors="0">
  <testcase name="testdata" time="0.012" classname="com.Test.Dataprovider"/>
  <testcase name="testdata" time="0.005" classname="com.Test.Dataprovider"/>
  <testcase name="testdata" time="0.001" classname="com.Test.Dataprovider"/>
</testsuite> <!-- Default test -->
