<?xml version="1.0" encoding="UTF-8"?>
<testng-results skipped="0" failed="0" ignored="0" total="3" passed="3">
  <reporter-output>
  </reporter-output>
  <suite name="Default suite" duration-ms="64" started-at="2019-06-13T05:35:34Z" finished-at="2019-06-13T05:35:34Z">
    <groups>
    </groups>
    <test name="Default test" duration-ms="64" started-at="2019-06-13T05:35:34Z" finished-at="2019-06-13T05:35:34Z">
      <class name="com.Test.Dataprovider">
        <test-method status="PASS" signature="testdata(java.lang.String, java.lang.String)[pri:0, instance:com.Test.Dataprovider@4439f31e]" name="testdata" duration-ms="12" started-at="2019-06-13T05:35:34Z" data-provider="dp1" finished-at="2019-06-13T05:35:34Z">
          <params>
            <param index="0">
              <value>
                <![CDATA[Kim]]>
              </value>
            </param>
            <param index="1">
              <value>
                <![CDATA[Kim]]>
              </value>
            </param>
          </params>
          <reporter-output>
          </reporter-output>
        </test-method> <!-- testdata -->
        <test-method status="PASS" signature="testdata(java.lang.String, java.lang.String)[pri:0, instance:com.Test.Dataprovider@4439f31e]" name="testdata" duration-ms="5" started-at="2019-06-13T05:35:34Z" data-provider="dp1" finished-at="2019-06-13T05:35:34Z">
          <params>
            <param index="0">
              <value>
                <![CDATA[Lee]]>
              </value>
            </param>
            <param index="1">
              <value>
                <![CDATA[Lee]]>
              </value>
            </param>
          </params>
          <reporter-output>
          </reporter-output>
        </test-method> <!-- testdata -->
        <test-method status="PASS" signature="testdata(java.lang.String, java.lang.String)[pri:0, instance:com.Test.Dataprovider@4439f31e]" name="testdata" duration-ms="1" started-at="2019-06-13T05:35:34Z" data-provider="dp1" finished-at="2019-06-13T05:35:34Z">
          <params>
            <param index="0">
              <value>
                <![CDATA[park]]>
              </value>
            </param>
            <param index="1">
              <value>
                <![CDATA[park]]>
              </value>
            </param>
          </params>
          <reporter-output>
          </reporter-output>
        </test-method> <!-- testdata -->
      </class> <!-- com.Test.Dataprovider -->
    </test> <!-- Default test -->
  </suite> <!-- Default suite -->
</testng-results>
